<?xml version="1.0" encoding="UTF-8"?>
<testsuite xmlns:xsi="http://www.w3.org/2001/XMLSchema-instance" xsi:noNamespaceSchemaLocation="https://maven.apache.org/surefire/maven-surefire-plugin/xsd/surefire-test-report-3.0.xsd" version="3.0" name="org.example.integration.SpreadsheetServerIntegrationTest" time="1.439" tests="5" errors="0" skipped="0" failures="0">
  <properties>
[...]
</properties>
  <testcase name="testCreateAndRetrieveSheet" classname="org.example.integration.SpreadsheetServerIntegrationTest" time="0.095">
    <system-out><![CDATA[   _____                          _     _____  _                _     _____
  / ____|                        | |   / ____|| |              | |   / ____|
 | (___  _ __  _ __ ___  __ _  __| |  | (___  | |__   ___  ___| |_ | (___   ___ _ ____   _____ _ __
  \___ \| '_ \| '__/ _ \/ _` |/ _` |   \___ \ | '_ \ / _ \/ _ \ __| \___ \ / _ \ '__\ \ / / _ \ '__|
  ____) | |_) | | |  __/ (_| | (_| |   ____) || | | |  __/  __/ |_  ____) |  __/ |   \ V /  __/ |
 |_____/| .__/|_|  \___|\__,_|\__,_|  |_____/ |_| |_|\___|\___|\__||_____/ \___|_|    \_/ \___|_|
        | |
        |_|

SpreadSheet Server 1.0.0
SpreadSheet Server is a web-based application for managing and processing spreadsheets.
Powered by Spring Boot 3.1.0
Created by Amit Elyasi on July 2025

2025-07-26T20:09:47.798+03:00  INFO 31880 --- [           main] o.a.maven.surefire.booter.ForkedBooter   : Starting ForkedBooter v3.0.0 using Java 17.0.9 with PID 31880 (started by amit.elyasi in C:\dev\SpreadSheetsServer)
2025-07-26T20:09:47.799+03:00  INFO 31880 --- [           main] o.a.maven.surefire.booter.ForkedBooter   : No active profile set, falling back to 1 default profile: "default"
2025-07-26T20:09:48.452+03:00  INFO 31880 --- [           main] o.s.b.w.embedded.tomcat.TomcatWebServer  : Tomcat initialized with port(s): 8080 (http)
2025-07-26T20:09:48.459+03:00  INFO 31880 --- [           main] o.apache.catalina.core.StandardService   : Starting service [Tomcat]
2025-07-26T20:09:48.459+03:00  INFO 31880 --- [           main] o.apache.catalina.core.StandardEngine    : Starting Servlet engine: [Apache Tomcat/10.1.8]
2025-07-26T20:09:48.549+03:00  INFO 31880 --- [           main] o.a.c.c.C.[Tomcat].[localhost].[/]       : Initializing Spring embedded WebApplicationContext
2025-07-26T20:09:48.549+03:00  INFO 31880 --- [           main] w.s.c.ServletWebServerApplicationContext : Root WebApplicationContext: initialization completed in 723 ms
2025-07-26T20:09:48.768+03:00  INFO 31880 --- [           main] o.s.b.w.embedded.tomcat.TomcatWebServer  : Tomcat started on port(s): 8080 (http) with context path ''
2025-07-26T20:09:48.775+03:00  INFO 31880 --- [           main] o.a.maven.surefire.booter.ForkedBooter   : Started ForkedBooter in 1.194 seconds (process running for 3.838)
2025-07-26T20:09:48.848+03:00  INFO 31880 --- [nio-8080-exec-1] o.a.c.c.C.[Tomcat].[localhost].[/]       : Initializing Spring DispatcherServlet 'dispatcherServlet'
2025-07-26T20:09:48.848+03:00  INFO 31880 --- [nio-8080-exec-1] o.s.web.servlet.DispatcherServlet        : Initializing Servlet 'dispatcherServlet'
2025-07-26T20:09:48.849+03:00  INFO 31880 --- [nio-8080-exec-1] o.s.web.servlet.DispatcherServlet        : Completed initialization in 1 ms
2025-07-26T20:09:48.857+03:00  INFO 31880 --- [nio-8080-exec-1] o.e.controller.SpreadsheetController     : Received request to create a new sheet
2025-07-26T20:09:48.857+03:00  INFO 31880 --- [nio-8080-exec-1] org.example.service.SpreadsheetService   : Creating new sheet with auto-generated ID
2025-07-26T20:09:48.858+03:00  INFO 31880 --- [nio-8080-exec-1] o.e.controller.SpreadsheetController     : Created new sheet with auto-generated ID: 886114c5-64aa-4d7e-8ee7-e44811d89377
2025-07-26T20:09:48.869+03:00  INFO 31880 --- [nio-8080-exec-2] o.e.controller.SpreadsheetController     : Received request to get sheet with ID: 886114c5-64aa-4d7e-8ee7-e44811d89377
2025-07-26T20:09:48.870+03:00  INFO 31880 --- [nio-8080-exec-2] o.e.controller.SpreadsheetController     : Returning sheet in CSV format
]]></system-out>
  </testcase>
  <testcase name="testSetCellValueAndLookupFunction" classname="org.example.integration.SpreadsheetServerIntegrationTest" time="0.026">
    <system-out><![CDATA[2025-07-26T20:09:48.878+03:00  INFO 31880 --- [nio-8080-exec-3] o.e.controller.SpreadsheetController     : Received request to create a new sheet
2025-07-26T20:09:48.878+03:00  INFO 31880 --- [nio-8080-exec-3] org.example.service.SpreadsheetService   : Creating new sheet with auto-generated ID
2025-07-26T20:09:48.878+03:00  INFO 31880 --- [nio-8080-exec-3] o.e.controller.SpreadsheetController     : Created new sheet with auto-generated ID: 4cd83867-cf32-48a0-8e4f-aa594144dd71
2025-07-26T20:09:48.882+03:00  INFO 31880 --- [nio-8080-exec-4] o.e.controller.SpreadsheetController     : Received request to set cell value for sheet: 4cd83867-cf32-48a0-8e4f-aa594144dd71, column: A, row: 1
2025-07-26T20:09:48.882+03:00  INFO 31880 --- [nio-8080-exec-4] org.example.service.SpreadsheetService   : Setting cell value in sheet: 4cd83867-cf32-48a0-8e4f-aa594144dd71, column: A, row: 1
2025-07-26T20:09:48.882+03:00  INFO 31880 --- [nio-8080-exec-4] org.example.service.SpreadsheetService   : Cell value set successfully
2025-07-26T20:09:48.883+03:00  INFO 31880 --- [nio-8080-exec-4] o.e.controller.SpreadsheetController     : Cell value set successfully
2025-07-26T20:09:48.886+03:00  INFO 31880 --- [nio-8080-exec-5] o.e.controller.SpreadsheetController     : Received request to set cell value for sheet: 4cd83867-cf32-48a0-8e4f-aa594144dd71, column: B, row: 1
2025-07-26T20:09:48.886+03:00  INFO 31880 --- [nio-8080-exec-5] org.example.service.SpreadsheetService   : Setting cell value in sheet: 4cd83867-cf32-48a0-8e4f-aa594144dd71, column: B, row: 1
2025-07-26T20:09:48.887+03:00  INFO 31880 --- [nio-8080-exec-5] org.example.service.SpreadsheetService   : Cell value set successfully
2025-07-26T20:09:48.887+03:00  INFO 31880 --- [nio-8080-exec-5] o.e.controller.SpreadsheetController     : Cell value set successfully
2025-07-26T20:09:48.895+03:00  INFO 31880 --- [nio-8080-exec-6] o.e.controller.SpreadsheetController     : Received request to set cell value for sheet: 4cd83867-cf32-48a0-8e4f-aa594144dd71, column: A, row: 1
2025-07-26T20:09:48.895+03:00  INFO 31880 --- [nio-8080-exec-6] org.example.service.SpreadsheetService   : Setting cell value in sheet: 4cd83867-cf32-48a0-8e4f-aa594144dd71, column: A, row: 1
2025-07-26T20:09:48.895+03:00  INFO 31880 --- [nio-8080-exec-6] org.example.service.SpreadsheetService   : Cell value set successfully
2025-07-26T20:09:48.895+03:00  INFO 31880 --- [nio-8080-exec-6] o.e.controller.SpreadsheetController     : Cell value set successfully
2025-07-26T20:09:48.897+03:00  INFO 31880 --- [nio-8080-exec-7] o.e.controller.SpreadsheetController     : Received request to get sheet with ID: 4cd83867-cf32-48a0-8e4f-aa594144dd71
2025-07-26T20:09:48.897+03:00  INFO 31880 --- [nio-8080-exec-7] o.e.controller.SpreadsheetController     : Returning sheet in CSV format
]]></system-out>
  </testcase>
  <testcase name="testCycleDetection" classname="org.example.integration.SpreadsheetServerIntegrationTest" time="0.022">
    <system-out><![CDATA[2025-07-26T20:09:48.910+03:00  INFO 31880 --- [nio-8080-exec-8] o.e.controller.SpreadsheetController     : Received request to create a new sheet
2025-07-26T20:09:48.910+03:00  INFO 31880 --- [nio-8080-exec-8] org.example.service.SpreadsheetService   : Creating new sheet with auto-generated ID
2025-07-26T20:09:48.910+03:00  INFO 31880 --- [nio-8080-exec-8] o.e.controller.SpreadsheetController     : Created new sheet with auto-generated ID: f9968e79-b3c2-4c96-901d-18a6372b4da1
2025-07-26T20:09:48.914+03:00  INFO 31880 --- [nio-8080-exec-9] o.e.controller.SpreadsheetController     : Received request to set cell value for sheet: f9968e79-b3c2-4c96-901d-18a6372b4da1, column: B, row: 1
2025-07-26T20:09:48.914+03:00  INFO 31880 --- [nio-8080-exec-9] org.example.service.SpreadsheetService   : Setting cell value in sheet: f9968e79-b3c2-4c96-901d-18a6372b4da1, column: B, row: 1
2025-07-26T20:09:48.914+03:00  INFO 31880 --- [nio-8080-exec-9] org.example.service.SpreadsheetService   : Cell value set successfully
2025-07-26T20:09:48.914+03:00  INFO 31880 --- [nio-8080-exec-9] o.e.controller.SpreadsheetController     : Cell value set successfully
2025-07-26T20:09:48.916+03:00  INFO 31880 --- [io-8080-exec-10] o.e.controller.SpreadsheetController     : Received request to set cell value for sheet: f9968e79-b3c2-4c96-901d-18a6372b4da1, column: A, row: 1
2025-07-26T20:09:48.916+03:00  INFO 31880 --- [io-8080-exec-10] org.example.service.SpreadsheetService   : Setting cell value in sheet: f9968e79-b3c2-4c96-901d-18a6372b4da1, column: A, row: 1
2025-07-26T20:09:48.916+03:00  WARN 31880 --- [io-8080-exec-10] org.example.service.SpreadsheetService   : Cycle detected in reference path
2025-07-26T20:09:48.916+03:00  WARN 31880 --- [io-8080-exec-10] o.e.controller.SpreadsheetController     : Invalid request to set cell value

java.lang.IllegalArgumentException: Cycle detected in cell references
	at org.example.service.SpreadsheetService.checkPathForCycles(SpreadsheetService.java:289) ~[classes/:na]
	at org.example.service.SpreadsheetService.checkPathForCycles(SpreadsheetService.java:314) ~[classes/:na]
	at org.example.service.SpreadsheetService.checkForCycles(SpreadsheetService.java:272) ~[classes/:na]
	at org.example.service.SpreadsheetService.setCellValue(SpreadsheetService.java:96) ~[classes/:na]
	at org.example.controller.SpreadsheetController.setCellValue(SpreadsheetController.java:125) ~[classes/:na]
	at java.base/jdk.internal.reflect.NativeMethodAccessorImpl.invoke0(Native Method) ~[na:na]
	at java.base/jdk.internal.reflect.NativeMethodAccessorImpl.invoke(NativeMethodAccessorImpl.java:77) ~[na:na]
	at java.base/jdk.internal.reflect.DelegatingMethodAccessorImpl.invoke(DelegatingMethodAccessorImpl.java:43) ~[na:na]
	at java.base/java.lang.reflect.Method.invoke(Method.java:568) ~[na:na]
	at org.springframework.web.method.support.InvocableHandlerMethod.doInvoke(InvocableHandlerMethod.java:207) ~[spring-web-6.0.9.jar:6.0.9]
	at org.springframework.web.method.support.InvocableHandlerMethod.invokeForRequest(InvocableHandlerMethod.java:152) ~[spring-web-6.0.9.jar:6.0.9]
	at org.springframework.web.servlet.mvc.method.annotation.ServletInvocableHandlerMethod.invokeAndHandle(ServletInvocableHandlerMethod.java:118) ~[spring-webmvc-6.0.9.jar:6.0.9]
	at org.springframework.web.servlet.mvc.method.annotation.RequestMappingHandlerAdapter.invokeHandlerMethod(RequestMappingHandlerAdapter.java:884) ~[spring-webmvc-6.0.9.jar:6.0.9]
	at org.springframework.web.servlet.mvc.method.annotation.RequestMappingHandlerAdapter.handleInternal(RequestMappingHandlerAdapter.java:797) ~[spring-webmvc-6.0.9.jar:6.0.9]
	at org.springframework.web.servlet.mvc.method.AbstractHandlerMethodAdapter.handle(AbstractHandlerMethodAdapter.java:87) ~[spring-webmvc-6.0.9.jar:6.0.9]
	at org.springframework.web.servlet.DispatcherServlet.doDispatch(DispatcherServlet.java:1081) ~[spring-webmvc-6.0.9.jar:6.0.9]
	at org.springframework.web.servlet.DispatcherServlet.doService(DispatcherServlet.java:974) ~[spring-webmvc-6.0.9.jar:6.0.9]
	at org.springframework.web.servlet.FrameworkServlet.processRequest(FrameworkServlet.java:1011) ~[spring-webmvc-6.0.9.jar:6.0.9]
	at org.springframework.web.servlet.FrameworkServlet.doPut(FrameworkServlet.java:925) ~[spring-webmvc-6.0.9.jar:6.0.9]
	at jakarta.servlet.http.HttpServlet.service(HttpServlet.java:593) ~[tomcat-embed-core-10.1.8.jar:6.0]
	at org.springframework.web.servlet.FrameworkServlet.service(FrameworkServlet.java:885) ~[spring-webmvc-6.0.9.jar:6.0.9]
	at jakarta.servlet.http.HttpServlet.service(HttpServlet.java:658) ~[tomcat-embed-core-10.1.8.jar:6.0]
	at org.apache.catalina.core.ApplicationFilterChain.internalDoFilter(ApplicationFilterChain.java:205) ~[tomcat-embed-core-10.1.8.jar:10.1.8]
	at org.apache.catalina.core.ApplicationFilterChain.doFilter(ApplicationFilterChain.java:149) ~[tomcat-embed-core-10.1.8.jar:10.1.8]
	at org.apache.tomcat.websocket.server.WsFilter.doFilter(WsFilter.java:51) ~[tomcat-embed-websocket-10.1.8.jar:10.1.8]
	at org.apache.catalina.core.ApplicationFilterChain.internalDoFilter(ApplicationFilterChain.java:174) ~[tomcat-embed-core-10.1.8.jar:10.1.8]
	at org.apache.catalina.core.ApplicationFilterChain.doFilter(ApplicationFilterChain.java:149) ~[tomcat-embed-core-10.1.8.jar:10.1.8]
	at org.springframework.web.filter.RequestContextFilter.doFilterInternal(RequestContextFilter.java:100) ~[spring-web-6.0.9.jar:6.0.9]
	at org.springframework.web.filter.OncePerRequestFilter.doFilter(OncePerRequestFilter.java:116) ~[spring-web-6.0.9.jar:6.0.9]
	at org.apache.catalina.core.ApplicationFilterChain.internalDoFilter(ApplicationFilterChain.java:174) ~[tomcat-embed-core-10.1.8.jar:10.1.8]
	at org.apache.catalina.core.ApplicationFilterChain.doFilter(ApplicationFilterChain.java:149) ~[tomcat-embed-core-10.1.8.jar:10.1.8]
	at org.springframework.web.filter.FormContentFilter.doFilterInternal(FormContentFilter.java:93) ~[spring-web-6.0.9.jar:6.0.9]
	at org.springframework.web.filter.OncePerRequestFilter.doFilter(OncePerRequestFilter.java:116) ~[spring-web-6.0.9.jar:6.0.9]
	at org.apache.catalina.core.ApplicationFilterChain.internalDoFilter(ApplicationFilterChain.java:174) ~[tomcat-embed-core-10.1.8.jar:10.1.8]
	at org.apache.catalina.core.ApplicationFilterChain.doFilter(ApplicationFilterChain.java:149) ~[tomcat-embed-core-10.1.8.jar:10.1.8]
	at org.springframework.web.filter.CharacterEncodingFilter.doFilterInternal(CharacterEncodingFilter.java:201) ~[spring-web-6.0.9.jar:6.0.9]
	at org.springframework.web.filter.OncePerRequestFilter.doFilter(OncePerRequestFilter.java:116) ~[spring-web-6.0.9.jar:6.0.9]
	at org.apache.catalina.core.ApplicationFilterChain.internalDoFilter(ApplicationFilterChain.java:174) ~[tomcat-embed-core-10.1.8.jar:10.1.8]
	at org.apache.catalina.core.ApplicationFilterChain.doFilter(ApplicationFilterChain.java:149) ~[tomcat-embed-core-10.1.8.jar:10.1.8]
	at org.apache.catalina.core.StandardWrapperValve.invoke(StandardWrapperValve.java:166) ~[tomcat-embed-core-10.1.8.jar:10.1.8]
	at org.apache.catalina.core.StandardContextValve.invoke(StandardContextValve.java:90) ~[tomcat-embed-core-10.1.8.jar:10.1.8]
	at org.apache.catalina.authenticator.AuthenticatorBase.invoke(AuthenticatorBase.java:482) ~[tomcat-embed-core-10.1.8.jar:10.1.8]
	at org.apache.catalina.core.StandardHostValve.invoke(StandardHostValve.java:115) ~[tomcat-embed-core-10.1.8.jar:10.1.8]
	at org.apache.catalina.valves.ErrorReportValve.invoke(ErrorReportValve.java:93) ~[tomcat-embed-core-10.1.8.jar:10.1.8]
	at org.apache.catalina.core.StandardEngineValve.invoke(StandardEngineValve.java:74) ~[tomcat-embed-core-10.1.8.jar:10.1.8]
	at org.apache.catalina.connector.CoyoteAdapter.service(CoyoteAdapter.java:341) ~[tomcat-embed-core-10.1.8.jar:10.1.8]
	at org.apache.coyote.http11.Http11Processor.service(Http11Processor.java:390) ~[tomcat-embed-core-10.1.8.jar:10.1.8]
	at org.apache.coyote.AbstractProcessorLight.process(AbstractProcessorLight.java:63) ~[tomcat-embed-core-10.1.8.jar:10.1.8]
	at org.apache.coyote.AbstractProtocol$ConnectionHandler.process(AbstractProtocol.java:894) ~[tomcat-embed-core-10.1.8.jar:10.1.8]
	at org.apache.tomcat.util.net.NioEndpoint$SocketProcessor.doRun(NioEndpoint.java:1741) ~[tomcat-embed-core-10.1.8.jar:10.1.8]
	at org.apache.tomcat.util.net.SocketProcessorBase.run(SocketProcessorBase.java:52) ~[tomcat-embed-core-10.1.8.jar:10.1.8]
	at org.apache.tomcat.util.threads.ThreadPoolExecutor.runWorker(ThreadPoolExecutor.java:1191) ~[tomcat-embed-core-10.1.8.jar:10.1.8]
	at org.apache.tomcat.util.threads.ThreadPoolExecutor$Worker.run(ThreadPoolExecutor.java:659) ~[tomcat-embed-core-10.1.8.jar:10.1.8]
	at org.apache.tomcat.util.threads.TaskThread$WrappingRunnable.run(TaskThread.java:61) ~[tomcat-embed-core-10.1.8.jar:10.1.8]
	at java.base/java.lang.Thread.run(Thread.java:857) ~[na:na]

]]></system-out>
  </testcase>
  <testcase name="testTypeMismatch" classname="org.example.integration.SpreadsheetServerIntegrationTest" time="0.008">
    <system-out><![CDATA[2025-07-26T20:09:48.923+03:00  INFO 31880 --- [nio-8080-exec-1] o.e.controller.SpreadsheetController     : Received request to create a new sheet
2025-07-26T20:09:48.923+03:00  INFO 31880 --- [nio-8080-exec-1] org.example.service.SpreadsheetService   : Creating new sheet with auto-generated ID
2025-07-26T20:09:48.923+03:00  INFO 31880 --- [nio-8080-exec-1] o.e.controller.SpreadsheetController     : Created new sheet with auto-generated ID: 9bbd9495-2420-49b5-8cd4-41f4ea74f141
2025-07-26T20:09:48.926+03:00  INFO 31880 --- [nio-8080-exec-2] o.e.controller.SpreadsheetController     : Received request to set cell value for sheet: 9bbd9495-2420-49b5-8cd4-41f4ea74f141, column: B, row: 1
2025-07-26T20:09:48.926+03:00  INFO 31880 --- [nio-8080-exec-2] org.example.service.SpreadsheetService   : Setting cell value in sheet: 9bbd9495-2420-49b5-8cd4-41f4ea74f141, column: B, row: 1
2025-07-26T20:09:48.926+03:00  WARN 31880 --- [nio-8080-exec-2] org.example.service.SpreadsheetService   : Type validation failed: string value 'not an integer' cannot be parsed as int
2025-07-26T20:09:48.926+03:00  WARN 31880 --- [nio-8080-exec-2] o.e.controller.SpreadsheetController     : Invalid request to set cell value

java.lang.IllegalArgumentException: Expected integer value for column: B
	at org.example.service.SpreadsheetService.validateValueType(SpreadsheetService.java:210) ~[classes/:na]
	at org.example.service.SpreadsheetService.setCellValue(SpreadsheetService.java:90) ~[classes/:na]
	at org.example.controller.SpreadsheetController.setCellValue(SpreadsheetController.java:125) ~[classes/:na]
	at java.base/jdk.internal.reflect.NativeMethodAccessorImpl.invoke0(Native Method) ~[na:na]
	at java.base/jdk.internal.reflect.NativeMethodAccessorImpl.invoke(NativeMethodAccessorImpl.java:77) ~[na:na]
	at java.base/jdk.internal.reflect.DelegatingMethodAccessorImpl.invoke(DelegatingMethodAccessorImpl.java:43) ~[na:na]
	at java.base/java.lang.reflect.Method.invoke(Method.java:568) ~[na:na]
	at org.springframework.web.method.support.InvocableHandlerMethod.doInvoke(InvocableHandlerMethod.java:207) ~[spring-web-6.0.9.jar:6.0.9]
	at org.springframework.web.method.support.InvocableHandlerMethod.invokeForRequest(InvocableHandlerMethod.java:152) ~[spring-web-6.0.9.jar:6.0.9]
	at org.springframework.web.servlet.mvc.method.annotation.ServletInvocableHandlerMethod.invokeAndHandle(ServletInvocableHandlerMethod.java:118) ~[spring-webmvc-6.0.9.jar:6.0.9]
	at org.springframework.web.servlet.mvc.method.annotation.RequestMappingHandlerAdapter.invokeHandlerMethod(RequestMappingHandlerAdapter.java:884) ~[spring-webmvc-6.0.9.jar:6.0.9]
	at org.springframework.web.servlet.mvc.method.annotation.RequestMappingHandlerAdapter.handleInternal(RequestMappingHandlerAdapter.java:797) ~[spring-webmvc-6.0.9.jar:6.0.9]
	at org.springframework.web.servlet.mvc.method.AbstractHandlerMethodAdapter.handle(AbstractHandlerMethodAdapter.java:87) ~[spring-webmvc-6.0.9.jar:6.0.9]
	at org.springframework.web.servlet.DispatcherServlet.doDispatch(DispatcherServlet.java:1081) ~[spring-webmvc-6.0.9.jar:6.0.9]
	at org.springframework.web.servlet.DispatcherServlet.doService(DispatcherServlet.java:974) ~[spring-webmvc-6.0.9.jar:6.0.9]
	at org.springframework.web.servlet.FrameworkServlet.processRequest(FrameworkServlet.java:1011) ~[spring-webmvc-6.0.9.jar:6.0.9]
	at org.springframework.web.servlet.FrameworkServlet.doPut(FrameworkServlet.java:925) ~[spring-webmvc-6.0.9.jar:6.0.9]
	at jakarta.servlet.http.HttpServlet.service(HttpServlet.java:593) ~[tomcat-embed-core-10.1.8.jar:6.0]
	at org.springframework.web.servlet.FrameworkServlet.service(FrameworkServlet.java:885) ~[spring-webmvc-6.0.9.jar:6.0.9]
	at jakarta.servlet.http.HttpServlet.service(HttpServlet.java:658) ~[tomcat-embed-core-10.1.8.jar:6.0]
	at org.apache.catalina.core.ApplicationFilterChain.internalDoFilter(ApplicationFilterChain.java:205) ~[tomcat-embed-core-10.1.8.jar:10.1.8]
	at org.apache.catalina.core.ApplicationFilterChain.doFilter(ApplicationFilterChain.java:149) ~[tomcat-embed-core-10.1.8.jar:10.1.8]
	at org.apache.tomcat.websocket.server.WsFilter.doFilter(WsFilter.java:51) ~[tomcat-embed-websocket-10.1.8.jar:10.1.8]
	at org.apache.catalina.core.ApplicationFilterChain.internalDoFilter(ApplicationFilterChain.java:174) ~[tomcat-embed-core-10.1.8.jar:10.1.8]
	at org.apache.catalina.core.ApplicationFilterChain.doFilter(ApplicationFilterChain.java:149) ~[tomcat-embed-core-10.1.8.jar:10.1.8]
	at org.springframework.web.filter.RequestContextFilter.doFilterInternal(RequestContextFilter.java:100) ~[spring-web-6.0.9.jar:6.0.9]
	at org.springframework.web.filter.OncePerRequestFilter.doFilter(OncePerRequestFilter.java:116) ~[spring-web-6.0.9.jar:6.0.9]
	at org.apache.catalina.core.ApplicationFilterChain.internalDoFilter(ApplicationFilterChain.java:174) ~[tomcat-embed-core-10.1.8.jar:10.1.8]
	at org.apache.catalina.core.ApplicationFilterChain.doFilter(ApplicationFilterChain.java:149) ~[tomcat-embed-core-10.1.8.jar:10.1.8]
	at org.springframework.web.filter.FormContentFilter.doFilterInternal(FormContentFilter.java:93) ~[spring-web-6.0.9.jar:6.0.9]
	at org.springframework.web.filter.OncePerRequestFilter.doFilter(OncePerRequestFilter.java:116) ~[spring-web-6.0.9.jar:6.0.9]
	at org.apache.catalina.core.ApplicationFilterChain.internalDoFilter(ApplicationFilterChain.java:174) ~[tomcat-embed-core-10.1.8.jar:10.1.8]
	at org.apache.catalina.core.ApplicationFilterChain.doFilter(ApplicationFilterChain.java:149) ~[tomcat-embed-core-10.1.8.jar:10.1.8]
	at org.springframework.web.filter.CharacterEncodingFilter.doFilterInternal(CharacterEncodingFilter.java:201) ~[spring-web-6.0.9.jar:6.0.9]
	at org.springframework.web.filter.OncePerRequestFilter.doFilter(OncePerRequestFilter.java:116) ~[spring-web-6.0.9.jar:6.0.9]
	at org.apache.catalina.core.ApplicationFilterChain.internalDoFilter(ApplicationFilterChain.java:174) ~[tomcat-embed-core-10.1.8.jar:10.1.8]
	at org.apache.catalina.core.ApplicationFilterChain.doFilter(ApplicationFilterChain.java:149) ~[tomcat-embed-core-10.1.8.jar:10.1.8]
	at org.apache.catalina.core.StandardWrapperValve.invoke(StandardWrapperValve.java:166) ~[tomcat-embed-core-10.1.8.jar:10.1.8]
	at org.apache.catalina.core.StandardContextValve.invoke(StandardContextValve.java:90) ~[tomcat-embed-core-10.1.8.jar:10.1.8]
	at org.apache.catalina.authenticator.AuthenticatorBase.invoke(AuthenticatorBase.java:482) ~[tomcat-embed-core-10.1.8.jar:10.1.8]
	at org.apache.catalina.core.StandardHostValve.invoke(StandardHostValve.java:115) ~[tomcat-embed-core-10.1.8.jar:10.1.8]
	at org.apache.catalina.valves.ErrorReportValve.invoke(ErrorReportValve.java:93) ~[tomcat-embed-core-10.1.8.jar:10.1.8]
	at org.apache.catalina.core.StandardEngineValve.invoke(StandardEngineValve.java:74) ~[tomcat-embed-core-10.1.8.jar:10.1.8]
	at org.apache.catalina.connector.CoyoteAdapter.service(CoyoteAdapter.java:341) ~[tomcat-embed-core-10.1.8.jar:10.1.8]
	at org.apache.coyote.http11.Http11Processor.service(Http11Processor.java:390) ~[tomcat-embed-core-10.1.8.jar:10.1.8]
	at org.apache.coyote.AbstractProcessorLight.process(AbstractProcessorLight.java:63) ~[tomcat-embed-core-10.1.8.jar:10.1.8]
	at org.apache.coyote.AbstractProtocol$ConnectionHandler.process(AbstractProtocol.java:894) ~[tomcat-embed-core-10.1.8.jar:10.1.8]
	at org.apache.tomcat.util.net.NioEndpoint$SocketProcessor.doRun(NioEndpoint.java:1741) ~[tomcat-embed-core-10.1.8.jar:10.1.8]
	at org.apache.tomcat.util.net.SocketProcessorBase.run(SocketProcessorBase.java:52) ~[tomcat-embed-core-10.1.8.jar:10.1.8]
	at org.apache.tomcat.util.threads.ThreadPoolExecutor.runWorker(ThreadPoolExecutor.java:1191) ~[tomcat-embed-core-10.1.8.jar:10.1.8]
	at org.apache.tomcat.util.threads.ThreadPoolExecutor$Worker.run(ThreadPoolExecutor.java:659) ~[tomcat-embed-core-10.1.8.jar:10.1.8]
	at org.apache.tomcat.util.threads.TaskThread$WrappingRunnable.run(TaskThread.java:61) ~[tomcat-embed-core-10.1.8.jar:10.1.8]
	at java.base/java.lang.Thread.run(Thread.java:857) ~[na:na]

]]></system-out>
  </testcase>
  <testcase name="testCreateSheetWithCustomId" classname="org.example.integration.SpreadsheetServerIntegrationTest" time="0.015">
    <system-out><![CDATA[2025-07-26T20:09:48.932+03:00  INFO 31880 --- [nio-8080-exec-3] o.e.controller.SpreadsheetController     : Received request to create a new sheet
2025-07-26T20:09:48.932+03:00  INFO 31880 --- [nio-8080-exec-3] org.example.service.SpreadsheetService   : Creating new sheet with custom ID: custom-id-1753549788930
2025-07-26T20:09:48.932+03:00  INFO 31880 --- [nio-8080-exec-3] o.e.controller.SpreadsheetController     : Created new sheet with custom ID: custom-id-1753549788930
2025-07-26T20:09:48.943+03:00  INFO 31880 --- [nio-8080-exec-4] o.e.controller.SpreadsheetController     : Received request to create a new sheet
2025-07-26T20:09:48.943+03:00  WARN 31880 --- [nio-8080-exec-4] o.e.controller.SpreadsheetController     : Attempt to create sheet with duplicate ID: custom-id-1753549788930
]]></system-out>
  </testcase>
</testsuite>