<?xml version="1.0" encoding="UTF-8"?>
<testsuite xmlns:xsi="http://www.w3.org/2001/XMLSchema-instance" xsi:noNamespaceSchemaLocation="https://maven.apache.org/surefire/maven-surefire-plugin/xsd/surefire-test-report-3.0.xsd" version="3.0" name="org.example.service.SpreadsheetServiceTest" time="0.018" tests="13" errors="0" skipped="0" failures="0">
  <properties>
[...]
</properties>
  <testcase name="testNonExistentColumn" classname="org.example.service.SpreadsheetServiceTest" time="0.002">
    <system-out><![CDATA[2025-07-26T20:09:48.967+03:00  INFO 31880 --- [           main] org.example.service.SpreadsheetService   : Creating new sheet with auto-generated ID
2025-07-26T20:09:48.969+03:00  INFO 31880 --- [           main] org.example.service.SpreadsheetService   : Setting cell value in sheet: adae3615-974a-4f91-9f3b-053bac55e899, column: Z, row: 1
2025-07-26T20:09:48.969+03:00  WARN 31880 --- [           main] org.example.service.SpreadsheetService   : Column not found: Z in sheet: adae3615-974a-4f91-9f3b-053bac55e899
]]></system-out>
  </testcase>
  <testcase name="testSetCellValueTypeMismatch" classname="org.example.service.SpreadsheetServiceTest" time="0.001">
    <system-out><![CDATA[2025-07-26T20:09:48.970+03:00  INFO 31880 --- [           main] org.example.service.SpreadsheetService   : Creating new sheet with auto-generated ID
2025-07-26T20:09:48.970+03:00  INFO 31880 --- [           main] org.example.service.SpreadsheetService   : Setting cell value in sheet: 5743c319-17b8-4e5a-91a0-583818643f48, column: A, row: 1
2025-07-26T20:09:48.970+03:00  WARN 31880 --- [           main] org.example.service.SpreadsheetService   : Type validation failed: string value 'not an integer' cannot be parsed as int
]]></system-out>
  </testcase>
  <testcase name="testGetSheetById" classname="org.example.service.SpreadsheetServiceTest" time="0.001">
    <system-out><![CDATA[2025-07-26T20:09:48.971+03:00  INFO 31880 --- [           main] org.example.service.SpreadsheetService   : Creating new sheet with auto-generated ID
]]></system-out>
  </testcase>
  <testcase name="testSelfReferenceCycleDetection" classname="org.example.service.SpreadsheetServiceTest" time="0.001">
    <system-out><![CDATA[2025-07-26T20:09:48.972+03:00  INFO 31880 --- [           main] org.example.service.SpreadsheetService   : Creating new sheet with auto-generated ID
2025-07-26T20:09:48.972+03:00  INFO 31880 --- [           main] org.example.service.SpreadsheetService   : Setting cell value in sheet: 62ce759d-1d83-40eb-a3fb-a2c0a36ef85a, column: A, row: 1
2025-07-26T20:09:48.972+03:00  WARN 31880 --- [           main] org.example.service.SpreadsheetService   : Self-reference cycle detected in cell: A,1
]]></system-out>
  </testcase>
  <testcase name="testCreateSheet" classname="org.example.service.SpreadsheetServiceTest" time="0">
    <system-out><![CDATA[2025-07-26T20:09:48.973+03:00  INFO 31880 --- [           main] org.example.service.SpreadsheetService   : Creating new sheet with auto-generated ID
]]></system-out>
  </testcase>
  <testcase name="testLookupFunction" classname="org.example.service.SpreadsheetServiceTest" time="0.001">
    <system-out><![CDATA[2025-07-26T20:09:48.974+03:00  INFO 31880 --- [           main] org.example.service.SpreadsheetService   : Creating new sheet with auto-generated ID
2025-07-26T20:09:48.974+03:00  INFO 31880 --- [           main] org.example.service.SpreadsheetService   : Setting cell value in sheet: 955180dc-a665-49ff-a5dd-c3968c7e03a1, column: A, row: 1
2025-07-26T20:09:48.974+03:00  INFO 31880 --- [           main] org.example.service.SpreadsheetService   : Cell value set successfully
2025-07-26T20:09:48.974+03:00  INFO 31880 --- [           main] org.example.service.SpreadsheetService   : Setting cell value in sheet: 955180dc-a665-49ff-a5dd-c3968c7e03a1, column: B, row: 1
2025-07-26T20:09:48.974+03:00  INFO 31880 --- [           main] org.example.service.SpreadsheetService   : Cell value set successfully
2025-07-26T20:09:48.974+03:00  INFO 31880 --- [           main] org.example.service.SpreadsheetService   : Setting cell value in sheet: 955180dc-a665-49ff-a5dd-c3968c7e03a1, column: A, row: 1
2025-07-26T20:09:48.974+03:00  INFO 31880 --- [           main] org.example.service.SpreadsheetService   : Cell value set successfully
]]></system-out>
  </testcase>
  <testcase name="testSetCellValue" classname="org.example.service.SpreadsheetServiceTest" time="0.001">
    <system-out><![CDATA[2025-07-26T20:09:48.975+03:00  INFO 31880 --- [           main] org.example.service.SpreadsheetService   : Creating new sheet with auto-generated ID
2025-07-26T20:09:48.975+03:00  INFO 31880 --- [           main] org.example.service.SpreadsheetService   : Setting cell value in sheet: d1a2148b-927c-497d-ab80-136d34da8454, column: A, row: 1
2025-07-26T20:09:48.975+03:00  INFO 31880 --- [           main] org.example.service.SpreadsheetService   : Cell value set successfully
2025-07-26T20:09:48.975+03:00  INFO 31880 --- [           main] org.example.service.SpreadsheetService   : Setting cell value in sheet: d1a2148b-927c-497d-ab80-136d34da8454, column: B, row: 1
2025-07-26T20:09:48.975+03:00  INFO 31880 --- [           main] org.example.service.SpreadsheetService   : Cell value set successfully
2025-07-26T20:09:48.975+03:00  INFO 31880 --- [           main] org.example.service.SpreadsheetService   : Setting cell value in sheet: d1a2148b-927c-497d-ab80-136d34da8454, column: C, row: 1
2025-07-26T20:09:48.975+03:00  INFO 31880 --- [           main] org.example.service.SpreadsheetService   : Cell value set successfully
]]></system-out>
  </testcase>
  <testcase name="testCycleDetection" classname="org.example.service.SpreadsheetServiceTest" time="0.001">
    <system-out><![CDATA[2025-07-26T20:09:48.976+03:00  INFO 31880 --- [           main] org.example.service.SpreadsheetService   : Creating new sheet with auto-generated ID
2025-07-26T20:09:48.976+03:00  INFO 31880 --- [           main] org.example.service.SpreadsheetService   : Setting cell value in sheet: 1d308e75-a962-4268-9a91-4876a08f2665, column: C, row: 1
2025-07-26T20:09:48.976+03:00  INFO 31880 --- [           main] org.example.service.SpreadsheetService   : Cell value set successfully
2025-07-26T20:09:48.976+03:00  INFO 31880 --- [           main] org.example.service.SpreadsheetService   : Setting cell value in sheet: 1d308e75-a962-4268-9a91-4876a08f2665, column: A, row: 1
2025-07-26T20:09:48.976+03:00  INFO 31880 --- [           main] org.example.service.SpreadsheetService   : Cell value set successfully
2025-07-26T20:09:48.976+03:00  INFO 31880 --- [           main] org.example.service.SpreadsheetService   : Setting cell value in sheet: 1d308e75-a962-4268-9a91-4876a08f2665, column: B, row: 1
2025-07-26T20:09:48.977+03:00  WARN 31880 --- [           main] org.example.service.SpreadsheetService   : Cycle detected in reference path
]]></system-out>
  </testcase>
  <testcase name="testNonExistentSheet" classname="org.example.service.SpreadsheetServiceTest" time="0.001">
    <system-out><![CDATA[2025-07-26T20:09:48.977+03:00  INFO 31880 --- [           main] org.example.service.SpreadsheetService   : Setting cell value in sheet: non-existent-id, column: A, row: 1
2025-07-26T20:09:48.978+03:00  WARN 31880 --- [           main] org.example.service.SpreadsheetService   : Sheet not found with ID: non-existent-id
]]></system-out>
  </testcase>
  <testcase name="testConvertSheetToCsv" classname="org.example.service.SpreadsheetServiceTest" time="0.001">
    <system-out><![CDATA[2025-07-26T20:09:48.978+03:00  INFO 31880 --- [           main] org.example.service.SpreadsheetService   : Creating new sheet with auto-generated ID
2025-07-26T20:09:48.978+03:00  INFO 31880 --- [           main] org.example.service.SpreadsheetService   : Setting cell value in sheet: 373f33e9-7914-492a-b6e0-c71a7a5c8ed7, column: A, row: 1
2025-07-26T20:09:48.978+03:00  INFO 31880 --- [           main] org.example.service.SpreadsheetService   : Cell value set successfully
2025-07-26T20:09:48.978+03:00  INFO 31880 --- [           main] org.example.service.SpreadsheetService   : Setting cell value in sheet: 373f33e9-7914-492a-b6e0-c71a7a5c8ed7, column: B, row: 1
2025-07-26T20:09:48.979+03:00  INFO 31880 --- [           main] org.example.service.SpreadsheetService   : Cell value set successfully
2025-07-26T20:09:48.979+03:00  INFO 31880 --- [           main] org.example.service.SpreadsheetService   : Setting cell value in sheet: 373f33e9-7914-492a-b6e0-c71a7a5c8ed7, column: C, row: 1
2025-07-26T20:09:48.979+03:00  INFO 31880 --- [           main] org.example.service.SpreadsheetService   : Cell value set successfully
2025-07-26T20:09:48.979+03:00  INFO 31880 --- [           main] org.example.service.SpreadsheetService   : Setting cell value in sheet: 373f33e9-7914-492a-b6e0-c71a7a5c8ed7, column: A, row: 3
2025-07-26T20:09:48.979+03:00  INFO 31880 --- [           main] org.example.service.SpreadsheetService   : Cell value set successfully
2025-07-26T20:09:48.979+03:00  INFO 31880 --- [           main] org.example.service.SpreadsheetService   : Setting cell value in sheet: 373f33e9-7914-492a-b6e0-c71a7a5c8ed7, column: B, row: 3
2025-07-26T20:09:48.979+03:00  INFO 31880 --- [           main] org.example.service.SpreadsheetService   : Cell value set successfully
2025-07-26T20:09:48.979+03:00  INFO 31880 --- [           main] org.example.service.SpreadsheetService   : Setting cell value in sheet: 373f33e9-7914-492a-b6e0-c71a7a5c8ed7, column: A, row: 5
2025-07-26T20:09:48.979+03:00  INFO 31880 --- [           main] org.example.service.SpreadsheetService   : Cell value set successfully
]]></system-out>
  </testcase>
  <testcase name="testCreateSheetWithCustomId" classname="org.example.service.SpreadsheetServiceTest" time="0.001">
    <system-out><![CDATA[2025-07-26T20:09:48.980+03:00  INFO 31880 --- [           main] org.example.service.SpreadsheetService   : Creating new sheet with custom ID: custom-id-123
]]></system-out>
  </testcase>
  <testcase name="testLookupTypeMismatch" classname="org.example.service.SpreadsheetServiceTest" time="0.001">
    <system-out><![CDATA[2025-07-26T20:09:48.980+03:00  INFO 31880 --- [           main] org.example.service.SpreadsheetService   : Creating new sheet with auto-generated ID
2025-07-26T20:09:48.980+03:00  INFO 31880 --- [           main] org.example.service.SpreadsheetService   : Setting cell value in sheet: 0ee4fe0c-2286-4c0e-bab6-aab37bc4a2c1, column: A, row: 1
2025-07-26T20:09:48.981+03:00  INFO 31880 --- [           main] org.example.service.SpreadsheetService   : Cell value set successfully
2025-07-26T20:09:48.981+03:00  INFO 31880 --- [           main] org.example.service.SpreadsheetService   : Setting cell value in sheet: 0ee4fe0c-2286-4c0e-bab6-aab37bc4a2c1, column: B, row: 1
2025-07-26T20:09:48.981+03:00  WARN 31880 --- [           main] org.example.service.SpreadsheetService   : Type mismatch: Cannot set lookup from string to int
]]></system-out>
  </testcase>
  <testcase name="testCreateSheetWithDuplicateId" classname="org.example.service.SpreadsheetServiceTest" time="0">
    <system-out><![CDATA[2025-07-26T20:09:48.982+03:00  INFO 31880 --- [           main] org.example.service.SpreadsheetService   : Creating new sheet with custom ID: duplicate-id-123
2025-07-26T20:09:48.982+03:00  INFO 31880 --- [           main] org.example.service.SpreadsheetService   : Creating new sheet with custom ID: duplicate-id-123
2025-07-26T20:09:48.982+03:00  WARN 31880 --- [           main] org.example.service.SpreadsheetService   : Attempt to create sheet with existing ID: duplicate-id-123
]]></system-out>
  </testcase>
</testsuite>